<?xml version="1.0" encoding="UTF-8"?>
<testsuite name="NameTest" tests="4" skipped="0" failures="0" errors="0" timestamp="2022-01-19T23:49:21" hostname="DESKTOP-9AVJG64" time="0.002">
  <properties/>
  <testcase name="getFirstNameEmpty" classname="NameTest" time="0.0"/>
  <testcase name="getLastNameEmpty" classname="NameTest" time="0.0"/>
  <testcase name="getLastName" classname="NameTest" time="0.001"/>
  <testcase name="testGetFirstName" classname="NameTest" time="0.0"/>
  <system-out><![CDATA[]]></system-out>
  <system-err><![CDATA[]]></system-err>
</testsuite>
